{
  "RSpec": {
    "coverage": {
      "/Users/vi1551/Makers/month_1/week_4/pairing_work/bookmark_manager/app.rb": [
        1,
        1,
        null,
        null,
        1,
        null,
        1,
        null,
        1,
        4,
        null,
        null,
        1,
        3,
        null,
        null,
        1,
        3,
        3,
        null,
        null,
        1,
        9,
        9,
        null,
        null,
        1,
        1,
        1,
        null,
        null,
        1,
        1,
        1,
        null,
        null,
        1,
        1,
        1,
        null,
        null,
        1,
        null
      ],
      "/Users/vi1551/Makers/month_1/week_4/pairing_work/bookmark_manager/lib/bookmarks.rb": [
        1,
        null,
        1,
        null,
        1,
        null,
        1,
        27,
        27,
        27,
        null,
        null,
        1,
        11,
        11,
        11,
        11,
        15,
        null,
        null,
        null,
        null,
        1,
        12,
        12,
        12,
        12,
        null,
        null,
        1,
        2,
        2,
        2,
        null,
        null,
        1,
        1,
        1,
        1,
        null,
        null
      ],
      "/Users/vi1551/Makers/month_1/week_4/pairing_work/bookmark_manager/spec/bookmarks_spec.rb": [
        1,
        null,
        1,
        null,
        3,
        null,
        1,
        1,
        1,
        1,
        null,
        1,
        1,
        1,
        1,
        1,
        1,
        1,
        null,
        null,
        null,
        1,
        1,
        1,
        1,
        null,
        1,
        1,
        1,
        1,
        null,
        null,
        null,
        1,
        1,
        1,
        1,
        1,
        null,
        null,
        null
      ],
      "/Users/vi1551/Makers/month_1/week_4/pairing_work/bookmark_manager/spec/feature/add_bookmarks_spec.rb": [
        1,
        1,
        1,
        1,
        null,
        null
      ],
      "/Users/vi1551/Makers/month_1/week_4/pairing_work/bookmark_manager/spec/feature/bookmark_title_are_links_spec.rb": [
        1,
        null,
        1,
        1,
        null,
        null,
        1,
        null,
        1,
        1,
        null,
        null
      ],
      "/Users/vi1551/Makers/month_1/week_4/pairing_work/bookmark_manager/spec/feature/delete_bookmarks_spec.rb": [
        1,
        1,
        1,
        1,
        1,
        null,
        1,
        1,
        null,
        null
      ],
      "/Users/vi1551/Makers/month_1/week_4/pairing_work/bookmark_manager/spec/feature/display_homepage_spec.rb": [
        1,
        1,
        1,
        1,
        null,
        null
      ],
      "/Users/vi1551/Makers/month_1/week_4/pairing_work/bookmark_manager/spec/feature/show_all_bookmarks_spec.rb": [
        1,
        null,
        1,
        1,
        null,
        null,
        1,
        1,
        1,
        null,
        1,
        null,
        1,
        1,
        1,
        null,
        null
      ],
      "/Users/vi1551/Makers/month_1/week_4/pairing_work/bookmark_manager/spec/feature/updating_a_bookmark_spec.rb": [
        1,
        1,
        1,
        1,
        1,
        null,
        1,
        1,
        null,
        1,
        1,
        1,
        null,
        1,
        1,
        1,
        null,
        null
      ]
    },
    "timestamp": 1553784337
  }
}
